# JRE version: OpenJDK Runtime Environment (17.0.6) (build 17.0.6+0-b2043.56-9586694)
# Java VM: OpenJDK 64-Bit Server VM (17.0.6+0-b2043.56-9586694, mixed mode, tiered, compressed oops, compressed class ptrs, g1 gc, windows-amd64)
GC Precious Log:
 CPUs: 12 total, 12 available
 Memory: 7549M
 Large Page Support: Disabled
 NUMA Support: Disabled
 Compressed Oops: Enabled (32-bit)
 Heap Region Size: 1M
 Heap Min Capacity: 8M
 Heap Initial Capacity: 118M
 Heap Max Capacity: 2G
 Pre-touch: Disabled
 Parallel Workers: 10
 Concurrent Workers: 3
 Concurrent Refinement Workers: 10
 Periodic GC: Disabled
Heap:
 garbage-first heap   total 330752K, used 150701K [0x0000000080000000, 0x0000000100000000)
  region size 1024K, 9 young (9216K), 9 survivors (9216K)
 Metaspace       used 122837K, committed 123712K, reserved 1163264K
  class space    used 17385K, committed 17792K, reserved 1048576K
GC Heap History (20 events):
Event: 239.807 GC heap after
{Heap after GC invocations=49 (full 0):
 garbage-first heap   total 328704K, used 144468K [0x0000000080000000, 0x0000000100000000)
  region size 1024K, 12 young (12288K), 12 survivors (12288K)
 Metaspace       used 120915K, committed 121728K, reserved 1155072K
  class space    used 17313K, committed 17728K, reserved 1048576K
}
Event: 239.852 GC heap before
{Heap before GC invocations=49 (full 0):
 garbage-first heap   total 328704K, used 148564K [0x0000000080000000, 0x0000000100000000)
  region size 1024K, 16 young (16384K), 12 survivors (12288K)
 Metaspace       used 121058K, committed 121856K, reserved 1155072K
  class space    used 17315K, committed 17728K, reserved 1048576K
}
Event: 239.864 GC heap after
{Heap after GC invocations=50 (full 0):
 garbage-first heap   total 328704K, used 135790K [0x0000000080000000, 0x0000000100000000)
  region size 1024K, 2 young (2048K), 2 survivors (2048K)
 Metaspace       used 121058K, committed 121856K, reserved 1155072K
  class space    used 17315K, committed 17728K, reserved 1048576K
}
Event: 264.456 GC heap before
{Heap before GC invocations=50 (full 0):
 garbage-first heap   total 328704K, used 312942K [0x0000000080000000, 0x0000000100000000)
  region size 1024K, 116 young (118784K), 2 survivors (2048K)
 Metaspace       used 121670K, committed 122432K, reserved 1155072K
  class space    used 17339K, committed 17728K, reserved 1048576K
}
Event: 264.473 GC heap after
{Heap after GC invocations=51 (full 0):
 garbage-first heap   total 330752K, used 151104K [0x0000000080000000, 0x0000000100000000)
  region size 1024K, 15 young (15360K), 15 survivors (15360K)
 Metaspace       used 121670K, committed 122432K, reserved 1155072K
  class space    used 17339K, committed 17728K, reserved 1048576K
}
Event: 446.797 GC heap before
{Heap before GC invocations=51 (full 0):
 garbage-first heap   total 330752K, used 264768K [0x0000000080000000, 0x0000000100000000)
  region size 1024K, 127 young (130048K), 15 survivors (15360K)
 Metaspace       used 122071K, committed 122944K, reserved 1155072K
  class space    used 17362K, committed 17792K, reserved 1048576K
}
Event: 446.882 GC heap after
{Heap after GC invocations=52 (full 0):
 garbage-first heap   total 330752K, used 146823K [0x0000000080000000, 0x0000000100000000)
  region size 1024K, 10 young (10240K), 10 survivors (10240K)
 Metaspace       used 122071K, committed 122944K, reserved 1155072K
  class space    used 17362K, committed 17792K, reserved 1048576K
}
Event: 449.285 GC heap before
{Heap before GC invocations=52 (full 0):
 garbage-first heap   total 330752K, used 265607K [0x0000000080000000, 0x0000000100000000)
  region size 1024K, 125 young (128000K), 10 survivors (10240K)
 Metaspace       used 122256K, committed 123136K, reserved 1155072K
  class space    used 17377K, committed 17792K, reserved 1048576K
}
Event: 449.304 GC heap after
{Heap after GC invocations=53 (full 0):
 garbage-first heap   total 330752K, used 151015K [0x0000000080000000, 0x0000000100000000)
  region size 1024K, 6 young (6144K), 6 survivors (6144K)
 Metaspace       used 122256K, committed 123136K, reserved 1155072K
  class space    used 17377K, committed 17792K, reserved 1048576K
}
Event: 449.683 GC heap before
{Heap before GC invocations=53 (full 0):
 garbage-first heap   total 330752K, used 217575K [0x0000000080000000, 0x0000000100000000)
  region size 1024K, 41 young (41984K), 6 survivors (6144K)
 Metaspace       used 122429K, committed 123264K, reserved 1155072K
  class space    used 17381K, committed 17792K, reserved 1048576K
}
Event: 449.710 GC heap after
{Heap after GC invocations=54 (full 0):
 garbage-first heap   total 330752K, used 180678K [0x0000000080000000, 0x0000000100000000)
  region size 1024K, 5 young (5120K), 5 survivors (5120K)
 Metaspace       used 122429K, committed 123264K, reserved 1155072K
  class space    used 17381K, committed 17792K, reserved 1048576K
}
Event: 449.747 GC heap before
{Heap before GC invocations=54 (full 0):
 garbage-first heap   total 330752K, used 197062K [0x0000000080000000, 0x0000000100000000)
  region size 1024K, 6 young (6144K), 5 survivors (5120K)
 Metaspace       used 122429K, committed 123264K, reserved 1155072K
  class space    used 17381K, committed 17792K, reserved 1048576K
}
Event: 449.752 GC heap after
{Heap after GC invocations=55 (full 0):
 garbage-first heap   total 330752K, used 186577K [0x0000000080000000, 0x0000000100000000)
  region size 1024K, 5 young (5120K), 5 survivors (5120K)
 Metaspace       used 122429K, committed 123264K, reserved 1155072K
  class space    used 17381K, committed 17792K, reserved 1048576K
}
Event: 449.756 GC heap before
{Heap before GC invocations=55 (full 0):
 garbage-first heap   total 330752K, used 188625K [0x0000000080000000, 0x0000000100000000)
  region size 1024K, 6 young (6144K), 5 survivors (5120K)
 Metaspace       used 122429K, committed 123264K, reserved 1155072K
  class space    used 17381K, committed 17792K, reserved 1048576K
}
Event: 449.760 GC heap after
{Heap after GC invocations=56 (full 0):
 garbage-first heap   total 330752K, used 186509K [0x0000000080000000, 0x0000000100000000)
  region size 1024K, 5 young (5120K), 5 survivors (5120K)
 Metaspace       used 122429K, committed 123264K, reserved 1155072K
  class space    used 17381K, committed 17792K, reserved 1048576K
}
Event: 552.853 GC heap before
{Heap before GC invocations=57 (full 0):
 garbage-first heap   total 330752K, used 290957K [0x0000000080000000, 0x0000000100000000)
  region size 1024K, 100 young (102400K), 5 survivors (5120K)
 Metaspace       used 122650K, committed 123520K, reserved 1163264K
  class space    used 17382K, committed 17792K, reserved 1048576K
}
Event: 552.884 GC heap after
{Heap after GC invocations=58 (full 0):
 garbage-first heap   total 330752K, used 159527K [0x0000000080000000, 0x0000000100000000)
  region size 1024K, 13 young (13312K), 13 survivors (13312K)
 Metaspace       used 122650K, committed 123520K, reserved 1163264K
  class space    used 17382K, committed 17792K, reserved 1048576K
}
Event: 552.887 GC heap before
{Heap before GC invocations=58 (full 0):
 garbage-first heap   total 330752K, used 162599K [0x0000000080000000, 0x0000000100000000)
  region size 1024K, 16 young (16384K), 13 survivors (13312K)
 Metaspace       used 122650K, committed 123520K, reserved 1163264K
  class space    used 17382K, committed 17792K, reserved 1048576K
}
Event: 552.922 GC heap after
{Heap after GC invocations=59 (full 0):
 garbage-first heap   total 330752K, used 142994K [0x0000000080000000, 0x0000000100000000)
  region size 1024K, 1 young (1024K), 1 survivors (1024K)
 Metaspace       used 122650K, committed 123520K, reserved 1163264K
  class space    used 17382K, committed 17792K, reserved 1048576K
}
Event: 554.268 GC heap before
{Heap before GC invocations=59 (full 0):
 garbage-first heap   total 330752K, used 241298K [0x0000000080000000, 0x0000000100000000)
  region size 1024K, 99 young (101376K), 1 survivors (1024K)
 Metaspace       used 122837K, committed 123712K, reserved 1163264K
  class space    used 17385K, committed 17792K, reserved 1048576K
}

